D:\School\Aircon\Aircon\AutoCAD\2013\Piping Layout.dwg,Model,05/01/2020 6:53:54 PM,Adrian,AutoCAD PDF (High Quality Print).pc3,ISO A3 (420.00 x 297.00 MM),1:0.237088,
D:\School\Aircon\Aircon\AutoCAD\2013\Details.dwg,Model,05/01/2020 6:54:48 PM,Adrian,AutoCAD PDF (High Quality Print).pc3,ISO A3 (420.00 x 297.00 MM),1:0.237088,
D:\School\Aircon\Aircon\AutoCAD\2013\Piping Layout.dwg,Model,05/01/2020 6:55:36 PM,Adrian,AutoCAD PDF (High Quality Print).pc3,ISO A3 (420.00 x 297.00 MM),1:0.237088,
D:\School\Aircon\Aircon\AutoCAD\2013\Piping Layout.dwg,Model,05/01/2020 6:57:07 PM,Adrian,AutoCAD PDF (High Quality Print).pc3,ISO A3 (420.00 x 297.00 MM),1:0.237088,
D:\School\Aircon\Aircon\AutoCAD\2013\Duct Layout.dwg,Model,05/01/2020 6:59:39 PM,Adrian,AutoCAD PDF (High Quality Print).pc3,ISO A3 (420.00 x 297.00 MM),1:0.237088,
D:\School\Aircon\Aircon\AutoCAD\2013\Duct Layout.dwg,Model,05/01/2020 6:59:58 PM,Adrian,AutoCAD PDF (High Quality Print).pc3,ISO A3 (420.00 x 297.00 MM),1:0.237088,
D:\School\Aircon\Aircon\AutoCAD\2013\Duct Layout.dwg,Model,05/01/2020 7:00:21 PM,Adrian,AutoCAD PDF (High Quality Print).pc3,ISO A3 (420.00 x 297.00 MM),1:0.237088,
D:\School\Aircon\Aircon\AutoCAD\2013\Drain Layout.dwg,Model,05/01/2020 7:02:39 PM,Adrian,AutoCAD PDF (High Quality Print).pc3,ISO A3 (420.00 x 297.00 MM),1:0.237088,
D:\School\Aircon\Aircon\AutoCAD\2013\Drain Layout.dwg,Model,05/01/2020 7:03:13 PM,Adrian,AutoCAD PDF (High Quality Print).pc3,ISO A3 (420.00 x 297.00 MM),1:0.237088,
D:\School\Aircon\Aircon\AutoCAD\2013\Drain Layout.dwg,Model,05/01/2020 7:03:36 PM,Adrian,AutoCAD PDF (High Quality Print).pc3,ISO A3 (420.00 x 297.00 MM),1:0.237088,
D:\School\Aircon\Aircon\AutoCAD\2013\Exhaust Layout.dwg,Model,05/01/2020 7:04:30 PM,Adrian,AutoCAD PDF (High Quality Print).pc3,ISO A3 (420.00 x 297.00 MM),1:0.237088,
D:\School\Aircon\Aircon\AutoCAD\2013\Exhaust Layout.dwg,Model,05/01/2020 7:04:49 PM,Adrian,AutoCAD PDF (High Quality Print).pc3,ISO A3 (420.00 x 297.00 MM),1:0.237088,
D:\School\Aircon\Aircon\AutoCAD\2013\Exhaust Layout.dwg,Model,05/01/2020 7:05:05 PM,Adrian,AutoCAD PDF (High Quality Print).pc3,ISO A3 (420.00 x 297.00 MM),1:0.237088,
D:\School\Aircon\Aircon\AutoCAD\2013\Exhaust Layout.dwg,Model,05/01/2020 7:05:20 PM,Adrian,AutoCAD PDF (High Quality Print).pc3,ISO A3 (420.00 x 297.00 MM),1:0.237088,
D:\School\Aircon\Aircon\AutoCAD\2013\Look Up.dwg,Model,05/01/2020 7:06:12 PM,Adrian,AutoCAD PDF (High Quality Print).pc3,ISO A3 (420.00 x 297.00 MM),1:0.237088,
D:\School\Aircon\Aircon\AutoCAD\2013\Look Up.dwg,Model,05/01/2020 7:06:49 PM,Adrian,AutoCAD PDF (High Quality Print).pc3,ISO A3 (420.00 x 297.00 MM),1:0.237088,
D:\School\Aircon\Aircon\AutoCAD\2013\Look Up.dwg,Model,05/01/2020 7:07:09 PM,Adrian,AutoCAD PDF (High Quality Print).pc3,ISO A3 (420.00 x 297.00 MM),1:0.237088,
D:\School\Aircon\Aircon\AutoCAD\2013\Look Up.dwg,Model,05/01/2020 7:07:43 PM,Adrian,AutoCAD PDF (High Quality Print).pc3,ISO A3 (420.00 x 297.00 MM),1:0.237088,
D:\School\Aircon\Aircon\AutoCAD\2013\Look Up.dwg,Model,05/01/2020 7:07:54 PM,Adrian,AutoCAD PDF (High Quality Print).pc3,ISO A3 (420.00 x 297.00 MM),1:0.237088,
D:\School\Aircon\Aircon\AutoCAD\2013\Look Up.dwg,Model,05/01/2020 7:08:08 PM,Adrian,AutoCAD PDF (High Quality Print).pc3,ISO A3 (420.00 x 297.00 MM),1:0.237088,
D:\School\Aircon\Aircon\AutoCAD\2013\Pressurization Fan Riser.dwg,Model,05/01/2020 7:09:28 PM,Adrian,AutoCAD PDF (High Quality Print).pc3,ISO A3 (420.00 x 297.00 MM),1:0.0427381,
D:\School\Aircon\Aircon\AutoCAD\2013\Fresh Air Riser Diagram.dwg,Model,05/01/2020 7:10:29 PM,Adrian,AutoCAD PDF (High Quality Print).pc3,ISO A3 (420.00 x 297.00 MM),1:0.0427381,
D:\School\Aircon\Aircon\AutoCAD\2013\Exhaust Fan Riser.dwg,Model,05/01/2020 7:11:22 PM,Adrian,AutoCAD PDF (High Quality Print).pc3,ISO A3 (420.00 x 297.00 MM),1:0.0427381,
D:\School\Aircon\Aircon\AutoCAD\2013\Piping Layout.dwg,Model,05/01/2020 7:12:34 PM,Adrian,AutoCAD PDF (High Quality Print).pc3,ISO A3 (420.00 x 297.00 MM),1:0.237088,
D:\School\Aircon\Aircon\AutoCAD\2013\Chiller Details.dwg,Model,05/01/2020 7:14:01 PM,Adrian,AutoCAD PDF (High Quality Print).pc3,ISO A3 (420.00 x 297.00 MM),1:0.0427381,
D:\School\Aircon\Aircon\AutoCAD\2013\AHU details.dwg,Model,05/01/2020 7:16:02 PM,Adrian,AutoCAD PDF (High Quality Print).pc3,ISO A3 (420.00 x 297.00 MM),1:0.0427381,
D:\School\Aircon\Aircon\AutoCAD\2013\Ceiling Cassette Details.dwg,Model,05/01/2020 7:17:22 PM,Adrian,AutoCAD PDF (High Quality Print).pc3,ISO A3 (420.00 x 297.00 MM),1:0.0427381,
D:\School\Aircon\Aircon\AutoCAD\2013\Wall mounted Details.dwg,Model,05/01/2020 7:18:13 PM,Adrian,AutoCAD PDF (High Quality Print).pc3,ISO A3 (420.00 x 297.00 MM),1:0.0427381,
D:\School\Aircon\Aircon\AutoCAD\2013\Pump Details.dwg,Model,05/01/2020 7:19:21 PM,Adrian,AutoCAD PDF (High Quality Print).pc3,ISO A3 (420.00 x 297.00 MM),1:0.0427381,
D:\School\Aircon\Aircon\AutoCAD\2013\Differ and Exhaust Details.dwg,Model,05/01/2020 7:20:24 PM,Adrian,AutoCAD PDF (High Quality Print).pc3,ISO A3 (420.00 x 297.00 MM),1:0.0427381,
D:\School\Aircon\Aircon\AutoCAD\2013\Pressurization Fan Details.dwg,Model,05/01/2020 7:21:32 PM,Adrian,AutoCAD PDF (High Quality Print).pc3,ISO A3 (420.00 x 297.00 MM),1:0.0427381,
D:\School\Aircon\Aircon\AutoCAD\2013\Expansion Tank Details.dwg,Model,05/01/2020 7:22:29 PM,Adrian,AutoCAD PDF (High Quality Print).pc3,ISO A3 (420.00 x 297.00 MM),1:0.0427381,
D:\School\Aircon\Aircon\AutoCAD\2013\Air Separator Details.dwg,Model,05/01/2020 7:23:45 PM,Adrian,AutoCAD PDF (High Quality Print).pc3,ISO A3 (420.00 x 297.00 MM),1:0.0427381,
D:\School\Aircon\Aircon\AutoCAD\2013\Air Separator Details.dwg,Model,05/01/2020 7:24:03 PM,Adrian,AutoCAD PDF (High Quality Print).pc3,ISO A3 (420.00 x 297.00 MM),1:0.0427381,
D:\School\Aircon\Aircon\AutoCAD\2013\Details.dwg,Model,05/01/2020 7:26:23 PM,Adrian,AutoCAD PDF (High Quality Print).pc3,ISO A3 (420.00 x 297.00 MM),1:0.237088,
D:\School\Aircon\Aircon\AutoCAD\2013\Details.dwg,Model,05/01/2020 7:27:04 PM,Adrian,AutoCAD PDF (High Quality Print).pc3,ISO A3 (420.00 x 297.00 MM),1:0.237088,
D:\School\Aircon\Aircon\AutoCAD\2013\Details.dwg,Model,05/01/2020 7:27:25 PM,Adrian,AutoCAD PDF (High Quality Print).pc3,ISO A3 (420.00 x 297.00 MM),1:0.237088,
D:\School\Aircon\Aircon\AutoCAD\2013\Details.dwg,Model,05/01/2020 7:27:51 PM,Adrian,AutoCAD PDF (High Quality Print).pc3,ISO A3 (420.00 x 297.00 MM),1:0.237088,
D:\School\Aircon\Aircon\AutoCAD\2013\Details.dwg,Model,05/01/2020 7:28:21 PM,Adrian,AutoCAD PDF (High Quality Print).pc3,ISO A3 (420.00 x 297.00 MM),1:0.237088,
D:\School\Aircon\Aircon\AutoCAD\2013\Details.dwg,Model,05/01/2020 7:28:45 PM,Adrian,AutoCAD PDF (High Quality Print).pc3,ISO A3 (420.00 x 297.00 MM),1:0.237088,
D:\School\Aircon\Aircon\AutoCAD\2013\Details.dwg,Model,05/01/2020 7:29:47 PM,Adrian,AutoCAD PDF (High Quality Print).pc3,ISO A3 (420.00 x 297.00 MM),1:0.237088,
D:\School\Aircon\Aircon\AutoCAD\2013\Details.dwg,Model,05/01/2020 7:30:11 PM,Adrian,AutoCAD PDF (High Quality Print).pc3,ISO A3 (420.00 x 297.00 MM),1:0.237088,
D:\School\Aircon\Aircon\AutoCAD\2013\Details.dwg,Model,05/01/2020 7:31:01 PM,Adrian,AutoCAD PDF (High Quality Print).pc3,ISO A3 (420.00 x 297.00 MM),1:0.237088,
